INFO: [VRFC 10-2263] Analyzing SystemVerilog file "/home/ericp/nexysvideo/hdmi_sv/hdmi_sv.srcs/sources_1/imports/new/filter_sv.sv" into library xil_defaultlib
INFO: [VRFC 10-311] analyzing module filter_sv
INFO: [VRFC 10-2263] Analyzing SystemVerilog file "/home/ericp/nexysvideo/hdmi_sv/hdmi_sv.srcs/sources_1/new/top.sv" into library xil_defaultlib
INFO: [VRFC 10-311] analyzing module top
INFO: [VRFC 10-2263] Analyzing SystemVerilog file "/home/ericp/nexysvideo/hdmi_sv/hdmi_sv.srcs/sources_1/new/memory.sv" into library xil_defaultlib
INFO: [VRFC 10-311] analyzing module memory
INFO: [VRFC 10-2263] Analyzing SystemVerilog file "/home/ericp/nexysvideo/hdmi_sv/hdmi_sv.srcs/sources_1/new/rgb_ser.sv" into library xil_defaultlib
INFO: [VRFC 10-311] analyzing module rgb_ser
INFO: [VRFC 10-2263] Analyzing SystemVerilog file "/home/ericp/nexysvideo/hdmi_sv/hdmi_sv.srcs/sources_1/new/rgb_deser.sv" into library xil_defaultlib
INFO: [VRFC 10-311] analyzing module rgb_deser
INFO: [VRFC 10-2263] Analyzing SystemVerilog file "/home/ericp/nexysvideo/hdmi_sv/hdmi_sv.srcs/sources_1/new/grayscale.sv" into library xil_defaultlib
INFO: [VRFC 10-311] analyzing module grayscale
INFO: [VRFC 10-2263] Analyzing SystemVerilog file "/home/ericp/nexysvideo/hdmi_sv/hdmi_sv.srcs/rgb_deser/imports/new/tb_rgbdeser.sv" into library xil_defaultlib
INFO: [VRFC 10-311] analyzing module tb_rgb_deser
INFO: [VRFC 10-163] Analyzing VHDL file "/home/ericp/nexysvideo/hdmi_sv/hdmi_sv.ip_user_files/ipstatic/src/DVI_Constants.vhd" into library xil_defaultlib
INFO: [VRFC 10-163] Analyzing VHDL file "/home/ericp/nexysvideo/hdmi_sv/hdmi_sv.ip_user_files/ipstatic/src/ChannelBond.vhd" into library xil_defaultlib
INFO: [VRFC 10-3107] analyzing entity 'ChannelBond'
INFO: [VRFC 10-163] Analyzing VHDL file "/home/ericp/nexysvideo/hdmi_sv/hdmi_sv.ip_user_files/ipstatic/src/SyncAsync.vhd" into library xil_defaultlib
INFO: [VRFC 10-3107] analyzing entity 'SyncAsync'
INFO: [VRFC 10-163] Analyzing VHDL file "/home/ericp/nexysvideo/hdmi_sv/hdmi_sv.ip_user_files/ipstatic/src/GlitchFilter.vhd" into library xil_defaultlib
INFO: [VRFC 10-3107] analyzing entity 'GlitchFilter'
INFO: [VRFC 10-163] Analyzing VHDL file "/home/ericp/nexysvideo/hdmi_sv/hdmi_sv.ip_user_files/ipstatic/src/TWI_SlaveCtl.vhd" into library xil_defaultlib
INFO: [VRFC 10-3107] analyzing entity 'TWI_SlaveCtl'
INFO: [VRFC 10-163] Analyzing VHDL file "/home/ericp/nexysvideo/hdmi_sv/hdmi_sv.ip_user_files/ipstatic/src/EEPROM_8b.vhd" into library xil_defaultlib
INFO: [VRFC 10-3107] analyzing entity 'EEPROM_8b'
INFO: [VRFC 10-163] Analyzing VHDL file "/home/ericp/nexysvideo/hdmi_sv/hdmi_sv.ip_user_files/ipstatic/src/InputSERDES.vhd" into library xil_defaultlib
INFO: [VRFC 10-3107] analyzing entity 'InputSERDES'
INFO: [VRFC 10-163] Analyzing VHDL file "/home/ericp/nexysvideo/hdmi_sv/hdmi_sv.ip_user_files/ipstatic/src/PhaseAlign.vhd" into library xil_defaultlib
INFO: [VRFC 10-3107] analyzing entity 'PhaseAlign'
INFO: [VRFC 10-163] Analyzing VHDL file "/home/ericp/nexysvideo/hdmi_sv/hdmi_sv.ip_user_files/ipstatic/src/ResyncToBUFG.vhd" into library xil_defaultlib
INFO: [VRFC 10-3107] analyzing entity 'ResyncToBUFG'
INFO: [VRFC 10-163] Analyzing VHDL file "/home/ericp/nexysvideo/hdmi_sv/hdmi_sv.ip_user_files/ipstatic/src/SyncAsyncReset.vhd" into library xil_defaultlib
INFO: [VRFC 10-3107] analyzing entity 'ResetBridge'
INFO: [VRFC 10-163] Analyzing VHDL file "/home/ericp/nexysvideo/hdmi_sv/hdmi_sv.ip_user_files/ipstatic/src/SyncBase.vhd" into library xil_defaultlib
INFO: [VRFC 10-3107] analyzing entity 'SyncBase'
INFO: [VRFC 10-163] Analyzing VHDL file "/home/ericp/nexysvideo/hdmi_sv/hdmi_sv.ip_user_files/ipstatic/src/TMDS_Clocking.vhd" into library xil_defaultlib
INFO: [VRFC 10-3107] analyzing entity 'TMDS_Clocking'
WARNING: [VRFC 10-3093] actual for formal port 'arst' is neither a static name nor a globally static expression [/home/ericp/nexysvideo/hdmi_sv/hdmi_sv.ip_user_files/ipstatic/src/TMDS_Clocking.vhd:135]
INFO: [VRFC 10-163] Analyzing VHDL file "/home/ericp/nexysvideo/hdmi_sv/hdmi_sv.ip_user_files/ipstatic/src/TMDS_Decoder.vhd" into library xil_defaultlib
INFO: [VRFC 10-3107] analyzing entity 'TMDS_Decoder'
INFO: [VRFC 10-163] Analyzing VHDL file "/home/ericp/nexysvideo/hdmi_sv/hdmi_sv.ip_user_files/ipstatic/src/dvi2rgb.vhd" into library xil_defaultlib
INFO: [VRFC 10-3107] analyzing entity 'dvi2rgb'
WARNING: [VRFC 10-3093] actual for formal port 'arst' is neither a static name nor a globally static expression [/home/ericp/nexysvideo/hdmi_sv/hdmi_sv.ip_user_files/ipstatic/src/dvi2rgb.vhd:212]
WARNING: [VRFC 10-3093] actual for formal port 'potherchrdy' is neither a static name nor a globally static expression [/home/ericp/nexysvideo/hdmi_sv/hdmi_sv.ip_user_files/ipstatic/src/dvi2rgb.vhd:244]
WARNING: [VRFC 10-3093] actual for formal port 'potherchvld' is neither a static name nor a globally static expression [/home/ericp/nexysvideo/hdmi_sv/hdmi_sv.ip_user_files/ipstatic/src/dvi2rgb.vhd:245]
INFO: [VRFC 10-163] Analyzing VHDL file "/home/ericp/nexysvideo/hdmi_sv/hdmi_sv.ip_user_files/ipstatic/src/ClockGen.vhd" into library xil_defaultlib
INFO: [VRFC 10-3107] analyzing entity 'ClockGen'
INFO: [VRFC 10-163] Analyzing VHDL file "/home/ericp/nexysvideo/hdmi_sv/hdmi_sv.ip_user_files/ipstatic/src/OutputSERDES.vhd" into library xil_defaultlib
INFO: [VRFC 10-3107] analyzing entity 'OutputSERDES'
INFO: [VRFC 10-163] Analyzing VHDL file "/home/ericp/nexysvideo/hdmi_sv/hdmi_sv.ip_user_files/ipstatic/src/TMDS_Encoder.vhd" into library xil_defaultlib
INFO: [VRFC 10-3107] analyzing entity 'TMDS_Encoder'
INFO: [VRFC 10-163] Analyzing VHDL file "/home/ericp/nexysvideo/hdmi_sv/hdmi_sv.ip_user_files/ipstatic/src/rgb2dvi.vhd" into library xil_defaultlib
INFO: [VRFC 10-3107] analyzing entity 'rgb2dvi'
